<?xml version="1.0" encoding="UTF-8"?>
<testng-results ignored="1" total="2" passed="1" failed="0" skipped="0">
  <reporter-output>
  </reporter-output>
  <suite started-at="2023-03-04T22:43:53 IST" name="Suite" finished-at="2023-03-04T22:43:53 IST" duration-ms="134">
    <groups>
      <group name="SmokeTest">
        <method signature="SampleTest1.m1()[pri:0, instance:Practice.SampleTest1@1ab3a8c8]" name="m1" class="Practice.SampleTest1"/>
      </group> <!-- SmokeTest -->
    </groups>
    <test started-at="2023-03-04T22:43:53 IST" name="Test" finished-at="2023-03-04T22:43:53 IST" duration-ms="134">
      <class name="Practice.SampleTest1">
        <test-method signature="m1()[pri:0, instance:Practice.SampleTest1@1ab3a8c8]" started-at="2023-03-04T22:43:53 IST" name="m1" finished-at="2023-03-04T22:43:53 IST" duration-ms="37" status="PASS">
          <reporter-output>
          </reporter-output>
        </test-method> <!-- m1 -->
      </class> <!-- Practice.SampleTest1 -->
    </test> <!-- Test -->
  </suite> <!-- Suite -->
</testng-results>
